[debug] [2019-12-10T15:40:28.427Z] ----------------------------------------------------------------------
[debug] [2019-12-10T15:40:28.429Z] Command:       /usr/local/bin/node /usr/local/bin/firebase deploy
[debug] [2019-12-10T15:40:28.429Z] CLI Version:   7.9.0
[debug] [2019-12-10T15:40:28.429Z] Platform:      darwin
[debug] [2019-12-10T15:40:28.429Z] Node Version:  v10.15.3
[debug] [2019-12-10T15:40:28.430Z] Time:          Tue Dec 10 2019 22:40:28 GMT+0700 (Indochina Time)
[debug] [2019-12-10T15:40:28.430Z] ----------------------------------------------------------------------
[debug] [2019-12-10T15:40:28.430Z] 
[debug] [2019-12-10T15:40:28.437Z] > command requires scopes: ["email","openid","https://www.googleapis.com/auth/cloudplatformprojects.readonly","https://www.googleapis.com/auth/firebase","https://www.googleapis.com/auth/cloud-platform"]
[debug] [2019-12-10T15:40:28.438Z] > authorizing via signed-in user
[debug] [2019-12-10T15:40:28.438Z] [iam] checking project social-media-web-app for permissions ["cloudfunctions.functions.create","cloudfunctions.functions.delete","cloudfunctions.functions.get","cloudfunctions.functions.list","cloudfunctions.functions.update","cloudfunctions.operations.get","datastore.indexes.create","datastore.indexes.delete","datastore.indexes.list","datastore.indexes.update","firebase.projects.get","firebasedatabase.instances.update","firebasehosting.sites.update","firebaserules.releases.create","firebaserules.releases.update","firebaserules.rulesets.create"]
[debug] [2019-12-10T15:40:28.439Z] >>> HTTP REQUEST POST https://cloudresourcemanager.googleapis.com/v1/projects/social-media-web-app:testIamPermissions  

[debug] [2019-12-10T15:40:29.757Z] <<< HTTP RESPONSE 200
[debug] [2019-12-10T15:40:29.759Z] >>> HTTP REQUEST GET https://firebase.googleapis.com/v1beta1/projects/social-media-web-app  
 
[debug] [2019-12-10T15:40:30.258Z] <<< HTTP RESPONSE 200
[info] 
[info] === Deploying to 'social-media-web-app'...
[info] 
[info] i  deploying database, storage, firestore, functions, hosting
[info] Running command: npm --prefix "$RESOURCE_DIR" run lint
[info] ✔  functions: Finished running predeploy script.
[info] i  database: checking rules syntax...
[debug] [2019-12-10T15:40:34.565Z] >>> HTTP REQUEST PUT https://social-media-web-app.firebaseio.com/.settings/rules.json?dryRun=true  
 {
  "rules": {
    ".read": "auth != null",
    ".write": "auth != null"
  }
}
[debug] [2019-12-10T15:40:35.991Z] <<< HTTP RESPONSE 200
[info] ✔  database: rules syntax for database social-media-web-app is valid
[debug] [2019-12-10T15:40:35.992Z] >>> HTTP REQUEST GET https://appengine.googleapis.com/v1/apps/social-media-web-app  
 
[debug] [2019-12-10T15:40:37.753Z] <<< HTTP RESPONSE 200
[info] i  firebase.storage: checking storage.rules for compilation errors...
[debug] [2019-12-10T15:40:37.756Z] >>> HTTP REQUEST POST https://firebaserules.googleapis.com/v1/projects/social-media-web-app:test  

[debug] [2019-12-10T15:40:39.371Z] <<< HTTP RESPONSE 200
[info] ✔  firebase.storage: rules file storage.rules compiled successfully
[info] i  firestore: reading indexes from firestore.indexes.json...
[info] i  cloud.firestore: checking firestore.rules for compilation errors...
[debug] [2019-12-10T15:40:39.376Z] >>> HTTP REQUEST POST https://firebaserules.googleapis.com/v1/projects/social-media-web-app:test  

[debug] [2019-12-10T15:40:39.985Z] <<< HTTP RESPONSE 200
[info] ✔  cloud.firestore: rules file firestore.rules compiled successfully
[debug] [2019-12-10T15:40:39.987Z] > [functions] package.json contents: {
  "name": "functions",
  "description": "Cloud Functions for Firebase",
  "scripts": {
    "lint": "eslint .",
    "serve": "firebase serve --only functions",
    "shell": "firebase functions:shell",
    "start": "npm run shell",
    "deploy": "firebase deploy --only functions",
    "logs": "firebase functions:log"
  },
  "engines": {
    "node": "8"
  },
  "dependencies": {
    "firebase-admin": "^8.6.0",
    "firebase-functions": "^3.3.0"
  },
  "devDependencies": {
    "eslint": "^5.12.0",
    "eslint-plugin-promise": "^4.0.1",
    "firebase-functions-test": "^0.1.6"
  },
  "private": true
}
[info] i  functions: ensuring necessary APIs are enabled...
[debug] [2019-12-10T15:40:39.988Z] >>> HTTP REQUEST GET https://serviceusage.googleapis.com/v1/projects/social-media-web-app/services/cloudfunctions.googleapis.com  
 
[debug] [2019-12-10T15:40:39.989Z] >>> HTTP REQUEST GET https://serviceusage.googleapis.com/v1/projects/social-media-web-app/services/runtimeconfig.googleapis.com  
 
[debug] [2019-12-10T15:40:41.613Z] <<< HTTP RESPONSE 200
[debug] [2019-12-10T15:40:41.648Z] <<< HTTP RESPONSE 200
[info] ✔  functions: all necessary APIs are enabled
[debug] [2019-12-10T15:40:41.649Z] >>> HTTP REQUEST GET https://firebase.googleapis.com/v1beta1/projects/social-media-web-app/adminSdkConfig  
 
[debug] [2019-12-10T15:40:42.039Z] <<< HTTP RESPONSE 200
[debug] [2019-12-10T15:40:42.040Z] >>> HTTP REQUEST POST https://firebasehosting.googleapis.com/v1beta1/sites/social-media-web-app/versions  

[debug] [2019-12-10T15:40:44.491Z] <<< HTTP RESPONSE 200
[debug] [2019-12-10T15:40:44.493Z] >>> HTTP REQUEST GET https://firebaserules.googleapis.com/v1/projects/social-media-web-app/releases?pageSize=10&pageToken=  
 
[debug] [2019-12-10T15:40:46.027Z] <<< HTTP RESPONSE 200
[debug] [2019-12-10T15:40:46.028Z] >>> HTTP REQUEST GET https://firebaserules.googleapis.com/v1/projects/social-media-web-app/rulesets/d5e32ee7-4feb-44c6-ae1a-b6e9e1ef408d  
 
[debug] [2019-12-10T15:40:47.463Z] <<< HTTP RESPONSE 200
[info] i  storage: latest version of storage.rules already up to date, skipping upload...
[debug] [2019-12-10T15:40:47.466Z] >>> HTTP REQUEST GET https://firebaserules.googleapis.com/v1/projects/social-media-web-app/releases?pageSize=10&pageToken=  
 
[debug] [2019-12-10T15:40:47.467Z] >>> HTTP REQUEST GET https://firestore.googleapis.com/v1beta2/projects/social-media-web-app/databases/(default)/collectionGroups/-/indexes  
 
[debug] [2019-12-10T15:40:48.376Z] <<< HTTP RESPONSE 200
[debug] [2019-12-10T15:40:48.376Z] >>> HTTP REQUEST GET https://firestore.googleapis.com/v1beta2/projects/social-media-web-app/databases/(default)/collectionGroups/-/fields?filter=indexConfig.usesAncestorConfig=false  
 
[debug] [2019-12-10T15:40:48.934Z] <<< HTTP RESPONSE 200
[debug] [2019-12-10T15:40:48.934Z] >>> HTTP REQUEST GET https://firebaserules.googleapis.com/v1/projects/social-media-web-app/rulesets/30dc4ee2-6405-4dd5-847f-950b026eebb4  
 
[debug] [2019-12-10T15:40:49.251Z] <<< HTTP RESPONSE 200
[info] ✔  firestore: deployed indexes in firestore.indexes.json successfully
[debug] [2019-12-10T15:40:50.355Z] <<< HTTP RESPONSE 200
[info] i  firestore: latest version of firestore.rules already up to date, skipping upload...
[info] i  functions: preparing functions directory for uploading...
[debug] [2019-12-10T15:40:50.356Z] >>> HTTP REQUEST GET https://runtimeconfig.googleapis.com/v1beta1/projects/social-media-web-app/configs  
 
[debug] [2019-12-10T15:40:50.786Z] <<< HTTP RESPONSE 200
[info] i  functions: packaged functions (37.16 KB) for uploading
[debug] [2019-12-10T15:40:51.030Z] >>> HTTP REQUEST POST https://cloudfunctions.googleapis.com/v1/projects/social-media-web-app/locations/us-central1/functions:generateUploadUrl  
 
[debug] [2019-12-10T15:40:52.342Z] <<< HTTP RESPONSE 200
[debug] [2019-12-10T15:40:52.343Z] >>> HTTP REQUEST PUT https://storage.googleapis.com/gcf-upload-us-central1-467bf40f-1924-4b37-9b7d-208c2afb097b/4dc85fff-114f-4489-89d3-41639b939fba.zip?GoogleAccessId=service-778610052646@gcf-admin-robot.iam.gserviceaccount.com&Expires=1575994252&Signature=BcvX0yzuPVFUqUfuWj2uzJPA7QgLAQuW2A4RwtJ1cusY9xwH%2BKoA8dnyTWriLASStBnMdeQgNfcKSxJeufsir3pE8kcHDFANftmHTPdbLUsjYShROcCW0PZKoTG6AKX82VGHKB%2Fw%2FP6xM6oduVuuvZRIKN0XI4A1JDL1%2FqVA1K8iUN0DRl9JRZWeGPwzVx5uUEn1R8HaVjmCLk0qYY36Wxn2jAct%2ByK%2FTkAyORoVPZLyFCFJYSo2bbp%2BQAx9%2FX16PQYE9oKsnhbLUDC9m3I2gR3IyUJjfQSyf9NUY4%2BqQN%2FtNKWvzWxyxr9U9ZpI8FJb5ynQTUUWH8yjX4BmRj9Hkw%3D%3D  
 <request body omitted>
[debug] [2019-12-10T15:40:53.230Z] <<< HTTP RESPONSE 200
[info] ✔  functions: functions folder uploaded successfully
[info] i  hosting[social-media-web-app]: beginning deploy...
[info] i  hosting[social-media-web-app]: found 18 files in build
[debug] [2019-12-10T15:40:53.247Z] [hosting] hash cache [YnVpbGQ] stored for 18 files
[debug] [2019-12-10T15:40:53.248Z] [hosting][hash queue][FINAL]
[debug] [2019-12-10T15:40:53.248Z] >>> HTTP REQUEST POST https://firebasehosting.googleapis.com/v1beta1/sites/social-media-web-app/versions/08f24d366209d7c4:populateFiles  
 <request body omitted>
[debug] [2019-12-10T15:40:55.960Z] <<< HTTP RESPONSE 200
[debug] [2019-12-10T15:40:55.962Z] [hosting][populate queue][FINAL]
[debug] [2019-12-10T15:40:55.962Z] [hosting] uploads queued: 0
[debug] [2019-12-10T15:40:55.962Z] [hosting][upload queue][FINAL]
[info] ✔  hosting[social-media-web-app]: file upload complete
[debug] [2019-12-10T15:40:55.962Z] [hosting] deploy completed after 2732ms
[info] i  database: releasing rules...
[debug] [2019-12-10T15:40:56.104Z] >>> HTTP REQUEST PUT https://social-media-web-app.firebaseio.com/.settings/rules.json  
 {
  "rules": {
    ".read": "auth != null",
    ".write": "auth != null"
  }
}
[debug] [2019-12-10T15:40:57.043Z] <<< HTTP RESPONSE 200
[info] ✔  database: rules for database social-media-web-app released successfully
[debug] [2019-12-10T15:40:57.045Z] [rules] releasing firebase.storage/social-media-web-app.appspot.com with ruleset projects/social-media-web-app/rulesets/d5e32ee7-4feb-44c6-ae1a-b6e9e1ef408d
[debug] [2019-12-10T15:40:57.045Z] >>> HTTP REQUEST PATCH https://firebaserules.googleapis.com/v1/projects/social-media-web-app/releases/firebase.storage/social-media-web-app.appspot.com  

[debug] [2019-12-10T15:40:58.518Z] <<< HTTP RESPONSE 200
[debug] [2019-12-10T15:40:58.518Z] [rules] updated release projects/social-media-web-app/releases/firebase.storage/social-media-web-app.appspot.com
[info] ✔  storage: released rules storage.rules to firebase.storage
[debug] [2019-12-10T15:40:58.519Z] [rules] releasing cloud.firestore with ruleset projects/social-media-web-app/rulesets/30dc4ee2-6405-4dd5-847f-950b026eebb4
[debug] [2019-12-10T15:40:58.519Z] >>> HTTP REQUEST PATCH https://firebaserules.googleapis.com/v1/projects/social-media-web-app/releases/cloud.firestore  

[debug] [2019-12-10T15:40:58.892Z] <<< HTTP RESPONSE 200
[debug] [2019-12-10T15:40:58.892Z] [rules] updated release projects/social-media-web-app/releases/cloud.firestore
[info] ✔  firestore: released rules firestore.rules to cloud.firestore
[debug] [2019-12-10T15:40:58.895Z] >>> HTTP REQUEST GET https://cloudfunctions.googleapis.com/v1/projects/social-media-web-app/locations/-/functions  
 
[debug] [2019-12-10T15:40:59.831Z] <<< HTTP RESPONSE 200
[info] i  functions: updating Node.js 8 function helloWorld(us-central1)...
[debug] [2019-12-10T15:40:59.833Z] Trigger is:  {"httpsTrigger":{}}
[info] i  functions: updating Node.js 8 function api(us-central1)...
[debug] [2019-12-10T15:40:59.833Z] Trigger is:  {"httpsTrigger":{}}
[info] 
The following functions are found in your project but do not exist in your local source code:
	createScreams(us-central1)

If you are renaming a function or changing its region, it is recommended that you create the new function first before deleting the old one to prevent event loss. For more info, visit https://firebase.google.com/docs/functions/manage-functions#modify

